Using pre-set license
Built from '2021.3/staging' branch; Version is '2021.3.24f1 (cf10dcf7010d) revision 13570268'; Using compiler version '192829333'; Build Type 'Release'
OS: 'Windows 10  (10.0.19045) 64bit Education' Language: 'ko' Physical Memory: 16242 MB
BatchMode: 1, IsHumanControllingUs: 0, StartBugReporterOnCrash: 0, Is64bit: 1, IsPro: 1

COMMAND LINE ARGUMENTS:
D:\UnityHub\Unity Hub\Editor\2021.3.24f1\Editor\Unity.exe
-adb2
-batchMode
-noUpm
-name
AssetImportWorker0
-projectPath
D:/GitHub/VREduGame/VR_EduGame
-logFile
Logs/AssetImportWorker0.log
-srvPort
57302
Successfully changed project path to: D:/GitHub/VREduGame/VR_EduGame
D:/GitHub/VREduGame/VR_EduGame
[UnityMemory] Configuration Parameters - Can be set up in boot.config
    "memorysetup-bucket-allocator-granularity=16"
    "memorysetup-bucket-allocator-bucket-count=8"
    "memorysetup-bucket-allocator-block-size=33554432"
    "memorysetup-bucket-allocator-block-count=8"
    "memorysetup-main-allocator-block-size=16777216"
    "memorysetup-thread-allocator-block-size=16777216"
    "memorysetup-gfx-main-allocator-block-size=16777216"
    "memorysetup-gfx-thread-allocator-block-size=16777216"
    "memorysetup-cache-allocator-block-size=4194304"
    "memorysetup-typetree-allocator-block-size=2097152"
    "memorysetup-profiler-bucket-allocator-granularity=16"
    "memorysetup-profiler-bucket-allocator-bucket-count=8"
    "memorysetup-profiler-bucket-allocator-block-size=33554432"
    "memorysetup-profiler-bucket-allocator-block-count=8"
    "memorysetup-profiler-allocator-block-size=16777216"
    "memorysetup-profiler-editor-allocator-block-size=1048576"
    "memorysetup-temp-allocator-size-main=16777216"
    "memorysetup-job-temp-allocator-block-size=2097152"
    "memorysetup-job-temp-allocator-block-size-background=1048576"
    "memorysetup-job-temp-allocator-reduction-small-platforms=262144"
    "memorysetup-temp-allocator-size-background-worker=32768"
    "memorysetup-temp-allocator-size-job-worker=262144"
    "memorysetup-temp-allocator-size-preload-manager=33554432"
    "memorysetup-temp-allocator-size-nav-mesh-worker=65536"
    "memorysetup-temp-allocator-size-audio-worker=65536"
    "memorysetup-temp-allocator-size-cloud-worker=32768"
    "memorysetup-temp-allocator-size-gi-baking-worker=262144"
    "memorysetup-temp-allocator-size-gfx=262144"
Player connection [21992] Host "[IP] 192.168.56.1 [Port] 0 [Flags] 2 [Guid] 3050228094 [EditorId] 3050228094 [Version] 1048832 [Id] WindowsEditor(7,DESKTOP-4L761KK) [Debug] 1 [PackageName] WindowsEditor [ProjectName] Editor" joined multi-casting on [225.0.0.222:54997]...

Player connection [21992] Host "[IP] 192.168.56.1 [Port] 0 [Flags] 2 [Guid] 3050228094 [EditorId] 3050228094 [Version] 1048832 [Id] WindowsEditor(7,DESKTOP-4L761KK) [Debug] 1 [PackageName] WindowsEditor [ProjectName] Editor" joined alternative multi-casting on [225.0.0.222:34997]...

Refreshing native plugins compatible for Editor in 222.86 ms, found 16 plugins.
Preloading 2 native plugins for Editor in 1.39 ms.
Initialize engine version: 2021.3.24f1 (cf10dcf7010d)
[Subsystems] Discovering subsystems at path D:/UnityHub/Unity Hub/Editor/2021.3.24f1/Editor/Data/Resources/UnitySubsystems
[Subsystems] Discovering subsystems at path D:/GitHub/VREduGame/VR_EduGame/Assets
GfxDevice: creating device client; threaded=0; jobified=0
Direct3D:
    Version:  Direct3D 11.0 [level 11.1]
    Renderer: NVIDIA GeForce GTX 1650 (ID=0x1f91)
    Vendor:   NVIDIA
    VRAM:     3951 MB
    Driver:   31.0.15.3168
Shader 'Oculus/OVRMRCameraFrameLit': fallback shader 'Alpha-Diffuse' not found
Initialize mono
Mono path[0] = 'D:/UnityHub/Unity Hub/Editor/2021.3.24f1/Editor/Data/Managed'
Mono path[1] = 'D:/UnityHub/Unity Hub/Editor/2021.3.24f1/Editor/Data/MonoBleedingEdge/lib/mono/unityjit-win32'
Mono config path = 'D:/UnityHub/Unity Hub/Editor/2021.3.24f1/Editor/Data/MonoBleedingEdge/etc'
Using monoOptions --debugger-agent=transport=dt_socket,embedding=1,server=y,suspend=n,address=127.0.0.1:56012
Begin MonoManager ReloadAssembly
Registering precompiled unity dll's ...
Register platform support module: D:/UnityHub/Unity Hub/Editor/2021.3.24f1/Editor/Data/PlaybackEngines/AndroidPlayer/UnityEditor.Android.Extensions.dll
Register platform support module: D:/UnityHub/Unity Hub/Editor/2021.3.24f1/Editor/Data/PlaybackEngines/WindowsStandaloneSupport/UnityEditor.WindowsStandalone.Extensions.dll
Registered in 0.005388 seconds.
Native extension for WindowsStandalone target not found
Native extension for Android target not found
Android Extension - Scanning For ADB Devices 426 ms
Refreshing native plugins compatible for Editor in 179.52 ms, found 16 plugins.
Preloading 2 native plugins for Editor in 0.07 ms.
Mono: successfully reloaded assembly
- Completed reload, in  1.398 seconds
Domain Reload Profiling:
	ReloadAssembly (1399ms)
		BeginReloadAssembly (144ms)
			ExecutionOrderSort (0ms)
			DisableScriptedObjects (0ms)
			BackupInstance (0ms)
			ReleaseScriptingObjects (0ms)
			CreateAndSetChildDomain (1ms)
		EndReloadAssembly (1114ms)
			LoadAssemblies (141ms)
			RebuildTransferFunctionScriptingTraits (0ms)
			SetupTypeCache (155ms)
			ReleaseScriptCaches (0ms)
			RebuildScriptCaches (41ms)
			SetupLoadedEditorAssemblies (843ms)
				LogAssemblyErrors (0ms)
				InitializePlatformSupportModulesInManaged (520ms)
				SetLoadedEditorAssemblies (0ms)
				RefreshPlugins (180ms)
				BeforeProcessingInitializeOnLoad (1ms)
				ProcessInitializeOnLoadAttributes (89ms)
				ProcessInitializeOnLoadMethodAttributes (52ms)
				AfterProcessingInitializeOnLoad (0ms)
				EditorAssembliesLoaded (0ms)
			ExecutionOrderSort2 (0ms)
			AwakeInstancesAfterBackupRestoration (0ms)
Platform modules already initialized, skipping
Registering precompiled user dll's ...
Registered in 0.012599 seconds.
Begin MonoManager ReloadAssembly
Native extension for WindowsStandalone target not found
Native extension for Android target not found
Refreshing native plugins compatible for Editor in 201.47 ms, found 16 plugins.
Preloading 2 native plugins for Editor in 0.07 ms.
Package Manager log level set to [2]
[XR] OculusXRPlugin: registering subsystems
[XR] Unable to register display lifecyle provider: [1]
[XR] Oculus Input lifecycle provider registered.
[XR] Unable to register input lifecyle provider: [1]
[XR] OVRP version 1.85.0
Mono: successfully reloaded assembly
- Completed reload, in  2.155 seconds
Domain Reload Profiling:
	ReloadAssembly (2156ms)
		BeginReloadAssembly (135ms)
			ExecutionOrderSort (0ms)
			DisableScriptedObjects (8ms)
			BackupInstance (0ms)
			ReleaseScriptingObjects (0ms)
			CreateAndSetChildDomain (23ms)
		EndReloadAssembly (1895ms)
			LoadAssemblies (144ms)
			RebuildTransferFunctionScriptingTraits (0ms)
			SetupTypeCache (573ms)
			ReleaseScriptCaches (1ms)
			RebuildScriptCaches (141ms)
			SetupLoadedEditorAssemblies (989ms)
				LogAssemblyErrors (0ms)
				InitializePlatformSupportModulesInManaged (19ms)
				SetLoadedEditorAssemblies (0ms)
				RefreshPlugins (202ms)
				BeforeProcessingInitializeOnLoad (207ms)
				ProcessInitializeOnLoadAttributes (433ms)
				ProcessInitializeOnLoadMethodAttributes (125ms)
				AfterProcessingInitializeOnLoad (4ms)
				EditorAssembliesLoaded (0ms)
			ExecutionOrderSort2 (0ms)
			AwakeInstancesAfterBackupRestoration (7ms)
Platform modules already initialized, skipping
========================================================================
Worker process is ready to serve import requests
Shader 'Oculus/OVRMRCameraFrameLit': fallback shader 'Alpha-Diffuse' not found
Launched and connected shader compiler UnityShaderCompiler.exe after 0.07 seconds
Refreshing native plugins compatible for Editor in 4.45 ms, found 16 plugins.
Preloading 2 native plugins for Editor in 0.22 ms.
Unloading 8293 Unused Serialized files (Serialized files now loaded: 0)
Unloading 102 unused Assets / (0.6 MB). Loaded Objects now: 8756.
Memory consumption went from 322.1 MB to 321.5 MB.
Total: 10.761400 ms (FindLiveObjects: 1.183800 ms CreateObjectMapping: 1.048300 ms MarkObjects: 7.474300 ms  DeleteObjects: 1.053800 ms)

AssetImportParameters requested are different than current active one (requested -> active):
  custom:video-decoder-ogg-theora: a1e56fd34408186e4bbccfd4996cb3dc -> 
  custom:container-muxer-webm: aa71ff27fc2769a1b78a27578f13a17b -> 
  custom:container-demuxer-webm: 4f35f7cbe854078d1ac9338744f61a02 -> 
  custom:video-encoder-webm-vp8: eb34c28f22e8b96e1ab97ce403110664 -> 
  custom:audio-encoder-webm-vorbis: bf7c407c2cedff20999df2af8eb42d56 -> 
  custom:framework-win-MediaFoundation: 216162199b28c13a410421893ffa2e32 -> 
  custom:container-demuxer-ogg: 62fdf1f143b41e24485cea50d1cbac27 -> 
  custom:video-decoder-webm-vp8: 9c59270c3fd7afecdb556c50c9e8de78 -> 
  custom:audio-decoder-ogg-vorbis: bf7c407c2cedff20999df2af8eb42d56 -> 
========================================================================
Received Import Request.
  Time since last request: 583840.913985 seconds.
  path: Assets/Oculus/SampleFramework/Usage/SpatialAnchor/Textures/OCUI_24_Filled_2x.png
  artifactKey: Guid(7f186a9ac091755489927d745be0185a) Importer(815301076,1909f56bfc062723c751e8b465ee728b)
Start importing Assets/Oculus/SampleFramework/Usage/SpatialAnchor/Textures/OCUI_24_Filled_2x.png using Guid(7f186a9ac091755489927d745be0185a) Importer(815301076,1909f56bfc062723c751e8b465ee728b)  -> (artifact id: '9137342df592c4d2b3cae7aa8af2b7b5') in 1.811038 seconds 
========================================================================
Received Import Request.
  Time since last request: 0.000027 seconds.
  path: Assets/FreeLabAssets/Materials/M_Glass.mat
  artifactKey: Guid(392865750ec844e4f9851a08bc5cc05c) Importer(815301076,1909f56bfc062723c751e8b465ee728b)
Start importing Assets/FreeLabAssets/Materials/M_Glass.mat using Guid(392865750ec844e4f9851a08bc5cc05c) Importer(815301076,1909f56bfc062723c751e8b465ee728b)  -> (artifact id: 'a14281838f935707c9e64d10737b8231') in 0.097831 seconds 
========================================================================
Received Import Request.
  Time since last request: 0.000038 seconds.
  path: Assets/Oculus/Interaction/Samples/Textures/OCUIIconSet/OCUI_24_Filled_2x.png
  artifactKey: Guid(64f884351318b694f942625580e64a8b) Importer(815301076,1909f56bfc062723c751e8b465ee728b)
Start importing Assets/Oculus/Interaction/Samples/Textures/OCUIIconSet/OCUI_24_Filled_2x.png using Guid(64f884351318b694f942625580e64a8b) Importer(815301076,1909f56bfc062723c751e8b465ee728b)  -> (artifact id: '7b144488d6eea5c94137b097f30f4c62') in 0.786029 seconds 
========================================================================
Received Import Request.
  Time since last request: 98.328624 seconds.
  path: Assets/FreeLabAssets/Scenes/SampleScene/ReflectionProbe-0.exr
  artifactKey: Guid(a1d646832b0ec4104baf45fe9cef3281) Importer(815301076,1909f56bfc062723c751e8b465ee728b)
Start importing Assets/FreeLabAssets/Scenes/SampleScene/ReflectionProbe-0.exr using Guid(a1d646832b0ec4104baf45fe9cef3281) Importer(815301076,1909f56bfc062723c751e8b465ee728b)  -> (artifact id: 'b23a84cb5b179de5f6b485b796e5b0e1') in 0.042701 seconds 
========================================================================
Received Import Request.
  Time since last request: 5.909741 seconds.
  path: Assets/FreeLabAssets/Models/Flask_02.fbx
  artifactKey: Guid(4f665beecc0be9e469ec31f98e732987) Importer(815301076,1909f56bfc062723c751e8b465ee728b)
Start importing Assets/FreeLabAssets/Models/Flask_02.fbx using Guid(4f665beecc0be9e469ec31f98e732987) Importer(815301076,1909f56bfc062723c751e8b465ee728b)  -> (artifact id: '907caf4b4b9178d8b4c736778865a493') in 0.090691 seconds 
========================================================================
Received Import Request.
  Time since last request: 0.000023 seconds.
  path: Assets/FreeLabAssets/Models/Pipette.fbx
  artifactKey: Guid(c868e02eb4b044054a4d63b6ec2a3eeb) Importer(815301076,1909f56bfc062723c751e8b465ee728b)
Start importing Assets/FreeLabAssets/Models/Pipette.fbx using Guid(c868e02eb4b044054a4d63b6ec2a3eeb) Importer(815301076,1909f56bfc062723c751e8b465ee728b)  -> (artifact id: 'e4c28ba365653c555b850883d7200dc0') in 0.041911 seconds 
========================================================================
Received Import Request.
  Time since last request: 0.000063 seconds.
  path: Assets/FreeLabAssets/Models/Funnel.fbx
  artifactKey: Guid(73251f8877e2a4f9a92001331cce1e42) Importer(815301076,1909f56bfc062723c751e8b465ee728b)
Start importing Assets/FreeLabAssets/Models/Funnel.fbx using Guid(73251f8877e2a4f9a92001331cce1e42) Importer(815301076,1909f56bfc062723c751e8b465ee728b)  -> (artifact id: '4cf869c12d37ae5908b749028c9a0ae5') in 0.022569 seconds 
========================================================================
Received Import Request.
  Time since last request: 0.000034 seconds.
  path: Assets/FreeLabAssets/Models/Flask_06.fbx
  artifactKey: Guid(eb2b0dd7d755d364aad85a0d4a1a9c89) Importer(815301076,1909f56bfc062723c751e8b465ee728b)
Start importing Assets/FreeLabAssets/Models/Flask_06.fbx using Guid(eb2b0dd7d755d364aad85a0d4a1a9c89) Importer(815301076,1909f56bfc062723c751e8b465ee728b)  -> (artifact id: '54c097482e5d32c7607625baa95d5322') in 0.042062 seconds 
========================================================================
Received Import Request.
  Time since last request: 85.108889 seconds.
  path: Assets/FreeLabAssets/Materials/New Material 1.mat
  artifactKey: Guid(5af77c1c948d6fc4bababb8277aa1088) Importer(815301076,1909f56bfc062723c751e8b465ee728b)
Start importing Assets/FreeLabAssets/Materials/New Material 1.mat using Guid(5af77c1c948d6fc4bababb8277aa1088) Importer(815301076,1909f56bfc062723c751e8b465ee728b)  -> (artifact id: 'b51a03098f1e5e0356060bfad7f1e648') in 0.028251 seconds 
========================================================================
Received Import Request.
  Time since last request: 5.433899 seconds.
  path: Assets/FreeLabAssets/Materials/M_Glass_Flask_01 1.mat
  artifactKey: Guid(65eb3867f617f1e4782bb4d51bc57bb4) Importer(815301076,1909f56bfc062723c751e8b465ee728b)
Start importing Assets/FreeLabAssets/Materials/M_Glass_Flask_01 1.mat using Guid(65eb3867f617f1e4782bb4d51bc57bb4) Importer(815301076,1909f56bfc062723c751e8b465ee728b)  -> (artifact id: '2b43c50c0580794c1897a554d774befc') in 0.045890 seconds 
========================================================================
Received Import Request.
  Time since last request: 95.559068 seconds.
  path: Assets/FreeLabAssets/Textures/Mana_Net.tga
  artifactKey: Guid(9722f513cefe64f74bdf375931311104) Importer(815301076,1909f56bfc062723c751e8b465ee728b)
Start importing Assets/FreeLabAssets/Textures/Mana_Net.tga using Guid(9722f513cefe64f74bdf375931311104) Importer(815301076,1909f56bfc062723c751e8b465ee728b)  -> (artifact id: 'd168d92db47619632bb074714cffaf12') in 0.039917 seconds 
========================================================================
Received Import Request.
  Time since last request: 0.000074 seconds.
  path: Assets/FreeLabAssets/Textures/Mana_Green.tga
  artifactKey: Guid(bc7b190aa39d2456bbd9b12873ba8fb2) Importer(815301076,1909f56bfc062723c751e8b465ee728b)
Start importing Assets/FreeLabAssets/Textures/Mana_Green.tga using Guid(bc7b190aa39d2456bbd9b12873ba8fb2) Importer(815301076,1909f56bfc062723c751e8b465ee728b)  -> (artifact id: '3d31e688e5dc6fcda765b8118c40a6f8') in 0.036803 seconds 
========================================================================
Received Import Request.
  Time since last request: 313.310809 seconds.
  path: Assets/New Material 1.mat
  artifactKey: Guid(9aa18064c1a5dee41afaf9ccd52de926) Importer(815301076,1909f56bfc062723c751e8b465ee728b)
Start importing Assets/New Material 1.mat using Guid(9aa18064c1a5dee41afaf9ccd52de926) Importer(815301076,1909f56bfc062723c751e8b465ee728b)  -> (artifact id: 'b1e213a4e4dcbda9cd3b0757daf34e15') in 0.027934 seconds 
========================================================================
Received Import Request.
  Time since last request: 0.000031 seconds.
  path: Assets/Potato 2.obj
  artifactKey: Guid(ce6ecd2eb35fdc64c962d6664dcefc61) Importer(815301076,1909f56bfc062723c751e8b465ee728b)
Start importing Assets/Potato 2.obj using Guid(ce6ecd2eb35fdc64c962d6664dcefc61) Importer(815301076,1909f56bfc062723c751e8b465ee728b)  -> (artifact id: '18e1416bcd1007b155c94076060fc126') in 0.056647 seconds 
========================================================================
Received Import Request.
  Time since last request: 0.000041 seconds.
  path: Assets/New Material.mat
  artifactKey: Guid(a95c4cdda63564d478b0868886d55242) Importer(815301076,1909f56bfc062723c751e8b465ee728b)
Start importing Assets/New Material.mat using Guid(a95c4cdda63564d478b0868886d55242) Importer(815301076,1909f56bfc062723c751e8b465ee728b)  -> (artifact id: '3ed4e465f97555b9cc114575ded3e550') in 0.026623 seconds 
========================================================================
Received Import Request.
  Time since last request: 15.159247 seconds.
  path: Assets/New Universal Render Pipeline Asset_Renderer.asset
  artifactKey: Guid(6fa9493fa7b77cf46b3d63777e7b212a) Importer(815301076,1909f56bfc062723c751e8b465ee728b)
Start importing Assets/New Universal Render Pipeline Asset_Renderer.asset using Guid(6fa9493fa7b77cf46b3d63777e7b212a) Importer(815301076,1909f56bfc062723c751e8b465ee728b)  -> (artifact id: 'd6a39b236e4f12cb5a713239d604ccd2') in 0.037947 seconds 
========================================================================
Received Import Request.
  Time since last request: 52.064435 seconds.
  path: Assets/Settings/URP-HighFidelity.asset
  artifactKey: Guid(7b7fd9122c28c4d15b667c7040e3b3fd) Importer(815301076,1909f56bfc062723c751e8b465ee728b)
Start importing Assets/Settings/URP-HighFidelity.asset using Guid(7b7fd9122c28c4d15b667c7040e3b3fd) Importer(815301076,1909f56bfc062723c751e8b465ee728b)  -> (artifact id: 'cd1526fe773abeaa738678bae8f5ad44') in 0.042698 seconds 
========================================================================
Received Import Request.
  Time since last request: 0.000045 seconds.
  path: Assets/Settings/URP-Performant.asset
  artifactKey: Guid(d0e2fc18fe036412f8223b3b3d9ad574) Importer(815301076,1909f56bfc062723c751e8b465ee728b)
Start importing Assets/Settings/URP-Performant.asset using Guid(d0e2fc18fe036412f8223b3b3d9ad574) Importer(815301076,1909f56bfc062723c751e8b465ee728b)  -> (artifact id: '113964c2c9b65a67b29d1506bce917fe') in 0.027642 seconds 
========================================================================
Received Import Request.
  Time since last request: 360.178908 seconds.
  path: Assets/potato.obj
  artifactKey: Guid(f6e0c5834381c2145964c763e713fc08) Importer(815301076,1909f56bfc062723c751e8b465ee728b)
Start importing Assets/potato.obj using Guid(f6e0c5834381c2145964c763e713fc08) Importer(815301076,1909f56bfc062723c751e8b465ee728b)  -> (artifact id: 'cb33596e139b4eb2a8ba7724aa11f38e') in 0.086751 seconds 
========================================================================
Received Import Request.
  Time since last request: 12.825798 seconds.
  path: Assets/Shaders/pexels-santiago-manuel-de-la-colina-3621737.jpg
  artifactKey: Guid(febd740cb5202064b8ea36ea6dae5927) Importer(815301076,1909f56bfc062723c751e8b465ee728b)
Start importing Assets/Shaders/pexels-santiago-manuel-de-la-colina-3621737.jpg using Guid(febd740cb5202064b8ea36ea6dae5927) Importer(815301076,1909f56bfc062723c751e8b465ee728b)  -> (artifact id: '6825aa67db13b38c05d327dbaf96e60b') in 0.138539 seconds 
========================================================================
Received Import Request.
  Time since last request: 3.288252 seconds.
  path: Assets/Settings/URP-Balanced-Renderer.asset
  artifactKey: Guid(e634585d5c4544dd297acaee93dc2beb) Importer(815301076,1909f56bfc062723c751e8b465ee728b)
Start importing Assets/Settings/URP-Balanced-Renderer.asset using Guid(e634585d5c4544dd297acaee93dc2beb) Importer(815301076,1909f56bfc062723c751e8b465ee728b)  -> (artifact id: '2d6b57b84ed75307190a3b5f27486786') in 0.022102 seconds 
========================================================================
Received Import Request.
  Time since last request: 0.000039 seconds.
  path: Assets/Settings/URP-HighFidelity-Renderer.asset
  artifactKey: Guid(c40be3174f62c4acf8c1216858c64956) Importer(815301076,1909f56bfc062723c751e8b465ee728b)
Start importing Assets/Settings/URP-HighFidelity-Renderer.asset using Guid(c40be3174f62c4acf8c1216858c64956) Importer(815301076,1909f56bfc062723c751e8b465ee728b)  -> (artifact id: '00ac2ff3a94d1f3a0550087d62303996') in 0.029000 seconds 
========================================================================
Received Import Request.
  Time since last request: 18.503657 seconds.
  path: Assets/Resources/ONSPSettings.asset
  artifactKey: Guid(7fa4aa0d5412b464a9ca3de4afef9662) Importer(815301076,1909f56bfc062723c751e8b465ee728b)
Start importing Assets/Resources/ONSPSettings.asset using Guid(7fa4aa0d5412b464a9ca3de4afef9662) Importer(815301076,1909f56bfc062723c751e8b465ee728b)  -> (artifact id: 'b4cf8e32da1a0b8a42729cd894a58a00') in 0.006620 seconds 
========================================================================
Received Import Request.
  Time since last request: 10.849175 seconds.
  path: Assets/CMMaterials/Equations.mat
  artifactKey: Guid(d309d46b423df804da261abdddbc33a5) Importer(815301076,1909f56bfc062723c751e8b465ee728b)
Start importing Assets/CMMaterials/Equations.mat using Guid(d309d46b423df804da261abdddbc33a5) Importer(815301076,1909f56bfc062723c751e8b465ee728b)  -> (artifact id: '27368f39531dafeababb0620de95e356') in 0.021730 seconds 
========================================================================
Received Import Request.
  Time since last request: 0.000063 seconds.
  path: Assets/CMMaterials/PeriodicTableMat.mat
  artifactKey: Guid(ae20f6a3f3e7ff54baa76f2ac163bd48) Importer(815301076,1909f56bfc062723c751e8b465ee728b)
Start importing Assets/CMMaterials/PeriodicTableMat.mat using Guid(ae20f6a3f3e7ff54baa76f2ac163bd48) Importer(815301076,1909f56bfc062723c751e8b465ee728b)  -> (artifact id: '20aad34c2d42851bec6c9ecf4b8f6162') in 0.068406 seconds 
========================================================================
Received Import Request.
  Time since last request: 0.000027 seconds.
  path: Assets/CMMaterials/TestMaterial.mat
  artifactKey: Guid(86c3c5bd2c572b4458e0dcb17f8fb4b5) Importer(815301076,1909f56bfc062723c751e8b465ee728b)
Start importing Assets/CMMaterials/TestMaterial.mat using Guid(86c3c5bd2c572b4458e0dcb17f8fb4b5) Importer(815301076,1909f56bfc062723c751e8b465ee728b)  -> (artifact id: '4de816c6ae0212e5c9f6587c43766e7f') in 0.023172 seconds 
========================================================================
Received Import Request.
  Time since last request: 0.000027 seconds.
  path: Assets/CMMaterials/Potassium.mat
  artifactKey: Guid(02ac037cf46fb1848b81e67daaccad1a) Importer(815301076,1909f56bfc062723c751e8b465ee728b)
Start importing Assets/CMMaterials/Potassium.mat using Guid(02ac037cf46fb1848b81e67daaccad1a) Importer(815301076,1909f56bfc062723c751e8b465ee728b)  -> (artifact id: '2171316b94da851f4f8c26ec850fe78b') in 0.024934 seconds 
Editor requested this worker to shutdown with reason: Scaling down because of idle timeout
AssetImportWorker is now disconnected from the server
Process exiting
Exiting without the bug reporter. Application will terminate with return code 0