Using pre-set license
Built from '2021.3/staging' branch; Version is '2021.3.24f1 (cf10dcf7010d) revision 13570268'; Using compiler version '192829333'; Build Type 'Release'
OS: 'Windows 10  (10.0.19045) 64bit Education' Language: 'ko' Physical Memory: 16242 MB
BatchMode: 1, IsHumanControllingUs: 0, StartBugReporterOnCrash: 0, Is64bit: 1, IsPro: 1

COMMAND LINE ARGUMENTS:
D:\UnityHub\Unity Hub\Editor\2021.3.24f1\Editor\Unity.exe
-adb2
-batchMode
-noUpm
-name
AssetImportWorker2
-projectPath
D:/GitHub/VREduGame/VR_EduGame
-logFile
Logs/AssetImportWorker2.log
-srvPort
57302
Successfully changed project path to: D:/GitHub/VREduGame/VR_EduGame
D:/GitHub/VREduGame/VR_EduGame
[UnityMemory] Configuration Parameters - Can be set up in boot.config
    "memorysetup-bucket-allocator-granularity=16"
    "memorysetup-bucket-allocator-bucket-count=8"
    "memorysetup-bucket-allocator-block-size=33554432"
    "memorysetup-bucket-allocator-block-count=8"
    "memorysetup-main-allocator-block-size=16777216"
    "memorysetup-thread-allocator-block-size=16777216"
    "memorysetup-gfx-main-allocator-block-size=16777216"
    "memorysetup-gfx-thread-allocator-block-size=16777216"
    "memorysetup-cache-allocator-block-size=4194304"
    "memorysetup-typetree-allocator-block-size=2097152"
    "memorysetup-profiler-bucket-allocator-granularity=16"
    "memorysetup-profiler-bucket-allocator-bucket-count=8"
    "memorysetup-profiler-bucket-allocator-block-size=33554432"
    "memorysetup-profiler-bucket-allocator-block-count=8"
    "memorysetup-profiler-allocator-block-size=16777216"
    "memorysetup-profiler-editor-allocator-block-size=1048576"
    "memorysetup-temp-allocator-size-main=16777216"
    "memorysetup-job-temp-allocator-block-size=2097152"
    "memorysetup-job-temp-allocator-block-size-background=1048576"
    "memorysetup-job-temp-allocator-reduction-small-platforms=262144"
    "memorysetup-temp-allocator-size-background-worker=32768"
    "memorysetup-temp-allocator-size-job-worker=262144"
    "memorysetup-temp-allocator-size-preload-manager=33554432"
    "memorysetup-temp-allocator-size-nav-mesh-worker=65536"
    "memorysetup-temp-allocator-size-audio-worker=65536"
    "memorysetup-temp-allocator-size-cloud-worker=32768"
    "memorysetup-temp-allocator-size-gi-baking-worker=262144"
    "memorysetup-temp-allocator-size-gfx=262144"
Player connection [2908] Host "[IP] 192.168.56.1 [Port] 0 [Flags] 2 [Guid] 2603626010 [EditorId] 2603626010 [Version] 1048832 [Id] WindowsEditor(7,DESKTOP-4L761KK) [Debug] 1 [PackageName] WindowsEditor [ProjectName] Editor" joined multi-casting on [225.0.0.222:54997]...

Player connection [2908] Host "[IP] 192.168.56.1 [Port] 0 [Flags] 2 [Guid] 2603626010 [EditorId] 2603626010 [Version] 1048832 [Id] WindowsEditor(7,DESKTOP-4L761KK) [Debug] 1 [PackageName] WindowsEditor [ProjectName] Editor" joined alternative multi-casting on [225.0.0.222:34997]...

Refreshing native plugins compatible for Editor in 232.85 ms, found 16 plugins.
Preloading 2 native plugins for Editor in 1.31 ms.
Initialize engine version: 2021.3.24f1 (cf10dcf7010d)
[Subsystems] Discovering subsystems at path D:/UnityHub/Unity Hub/Editor/2021.3.24f1/Editor/Data/Resources/UnitySubsystems
[Subsystems] Discovering subsystems at path D:/GitHub/VREduGame/VR_EduGame/Assets
GfxDevice: creating device client; threaded=0; jobified=0
Direct3D:
    Version:  Direct3D 11.0 [level 11.1]
    Renderer: NVIDIA GeForce GTX 1650 (ID=0x1f91)
    Vendor:   NVIDIA
    VRAM:     3951 MB
    Driver:   31.0.15.3168
Shader 'Oculus/OVRMRCameraFrameLit': fallback shader 'Alpha-Diffuse' not found
Initialize mono
Mono path[0] = 'D:/UnityHub/Unity Hub/Editor/2021.3.24f1/Editor/Data/Managed'
Mono path[1] = 'D:/UnityHub/Unity Hub/Editor/2021.3.24f1/Editor/Data/MonoBleedingEdge/lib/mono/unityjit-win32'
Mono config path = 'D:/UnityHub/Unity Hub/Editor/2021.3.24f1/Editor/Data/MonoBleedingEdge/etc'
Using monoOptions --debugger-agent=transport=dt_socket,embedding=1,server=y,suspend=n,address=127.0.0.1:56112
Begin MonoManager ReloadAssembly
Registering precompiled unity dll's ...
Register platform support module: D:/UnityHub/Unity Hub/Editor/2021.3.24f1/Editor/Data/PlaybackEngines/AndroidPlayer/UnityEditor.Android.Extensions.dll
Register platform support module: D:/UnityHub/Unity Hub/Editor/2021.3.24f1/Editor/Data/PlaybackEngines/WindowsStandaloneSupport/UnityEditor.WindowsStandalone.Extensions.dll
Registered in 0.006283 seconds.
Native extension for WindowsStandalone target not found
Native extension for Android target not found
Android Extension - Scanning For ADB Devices 434 ms
Refreshing native plugins compatible for Editor in 191.50 ms, found 16 plugins.
Preloading 2 native plugins for Editor in 0.08 ms.
Mono: successfully reloaded assembly
- Completed reload, in  1.444 seconds
Domain Reload Profiling:
	ReloadAssembly (1445ms)
		BeginReloadAssembly (166ms)
			ExecutionOrderSort (0ms)
			DisableScriptedObjects (0ms)
			BackupInstance (0ms)
			ReleaseScriptingObjects (0ms)
			CreateAndSetChildDomain (1ms)
		EndReloadAssembly (1153ms)
			LoadAssemblies (163ms)
			RebuildTransferFunctionScriptingTraits (0ms)
			SetupTypeCache (169ms)
			ReleaseScriptCaches (0ms)
			RebuildScriptCaches (44ms)
			SetupLoadedEditorAssemblies (864ms)
				LogAssemblyErrors (0ms)
				InitializePlatformSupportModulesInManaged (529ms)
				SetLoadedEditorAssemblies (0ms)
				RefreshPlugins (192ms)
				BeforeProcessingInitializeOnLoad (1ms)
				ProcessInitializeOnLoadAttributes (92ms)
				ProcessInitializeOnLoadMethodAttributes (50ms)
				AfterProcessingInitializeOnLoad (0ms)
				EditorAssembliesLoaded (0ms)
			ExecutionOrderSort2 (0ms)
			AwakeInstancesAfterBackupRestoration (0ms)
Platform modules already initialized, skipping
Registering precompiled user dll's ...
Registered in 0.011459 seconds.
Begin MonoManager ReloadAssembly
Native extension for WindowsStandalone target not found
Native extension for Android target not found
Refreshing native plugins compatible for Editor in 203.96 ms, found 16 plugins.
Preloading 2 native plugins for Editor in 0.06 ms.
Package Manager log level set to [2]
[XR] OculusXRPlugin: registering subsystems
[XR] Unable to register display lifecyle provider: [1]
[XR] Oculus Input lifecycle provider registered.
[XR] Unable to register input lifecyle provider: [1]
[XR] OVRP version 1.85.0
Mono: successfully reloaded assembly
- Completed reload, in  2.128 seconds
Domain Reload Profiling:
	ReloadAssembly (2129ms)
		BeginReloadAssembly (130ms)
			ExecutionOrderSort (0ms)
			DisableScriptedObjects (6ms)
			BackupInstance (0ms)
			ReleaseScriptingObjects (0ms)
			CreateAndSetChildDomain (23ms)
		EndReloadAssembly (1875ms)
			LoadAssemblies (142ms)
			RebuildTransferFunctionScriptingTraits (0ms)
			SetupTypeCache (546ms)
			ReleaseScriptCaches (1ms)
			RebuildScriptCaches (127ms)
			SetupLoadedEditorAssemblies (993ms)
				LogAssemblyErrors (0ms)
				InitializePlatformSupportModulesInManaged (17ms)
				SetLoadedEditorAssemblies (0ms)
				RefreshPlugins (204ms)
				BeforeProcessingInitializeOnLoad (192ms)
				ProcessInitializeOnLoadAttributes (445ms)
				ProcessInitializeOnLoadMethodAttributes (130ms)
				AfterProcessingInitializeOnLoad (4ms)
				EditorAssembliesLoaded (0ms)
			ExecutionOrderSort2 (0ms)
			AwakeInstancesAfterBackupRestoration (7ms)
Platform modules already initialized, skipping
========================================================================
Worker process is ready to serve import requests
Shader 'Oculus/OVRMRCameraFrameLit': fallback shader 'Alpha-Diffuse' not found
Launched and connected shader compiler UnityShaderCompiler.exe after 0.07 seconds
Refreshing native plugins compatible for Editor in 4.55 ms, found 16 plugins.
Preloading 2 native plugins for Editor in 0.13 ms.
Unloading 8293 Unused Serialized files (Serialized files now loaded: 0)
Unloading 102 unused Assets / (0.6 MB). Loaded Objects now: 8756.
Memory consumption went from 322.1 MB to 321.5 MB.
Total: 12.188800 ms (FindLiveObjects: 1.075900 ms CreateObjectMapping: 0.995200 ms MarkObjects: 9.061700 ms  DeleteObjects: 1.054500 ms)

AssetImportParameters requested are different than current active one (requested -> active):
  custom:video-decoder-ogg-theora: a1e56fd34408186e4bbccfd4996cb3dc -> 
  custom:container-muxer-webm: aa71ff27fc2769a1b78a27578f13a17b -> 
  custom:container-demuxer-webm: 4f35f7cbe854078d1ac9338744f61a02 -> 
  custom:video-encoder-webm-vp8: eb34c28f22e8b96e1ab97ce403110664 -> 
  custom:audio-encoder-webm-vorbis: bf7c407c2cedff20999df2af8eb42d56 -> 
  custom:framework-win-MediaFoundation: 216162199b28c13a410421893ffa2e32 -> 
  custom:container-demuxer-ogg: 62fdf1f143b41e24485cea50d1cbac27 -> 
  custom:video-decoder-webm-vp8: 9c59270c3fd7afecdb556c50c9e8de78 -> 
  custom:audio-decoder-ogg-vorbis: bf7c407c2cedff20999df2af8eb42d56 -> 
========================================================================
Received Import Request.
  Time since last request: 583840.929647 seconds.
  path: Assets/Oculus/Interaction/Samples/Objects/Props/BigRedButton/Textures/Podium/Podium_SpecularSmoothness.png
  artifactKey: Guid(d067328b96a9e22468bb2cbd30c51050) Importer(815301076,1909f56bfc062723c751e8b465ee728b)
Start importing Assets/Oculus/Interaction/Samples/Objects/Props/BigRedButton/Textures/Podium/Podium_SpecularSmoothness.png using Guid(d067328b96a9e22468bb2cbd30c51050) Importer(815301076,1909f56bfc062723c751e8b465ee728b)  -> (artifact id: 'bb8fda1856fbeba02b4ffe419ad15bd6') in 0.258303 seconds 
========================================================================
Received Import Request.
  Time since last request: 0.000051 seconds.
  path: Assets/FreeLabAssets/Materials/M_FloorTest.mat
  artifactKey: Guid(05d20ead145bb4dc6b01f22e3efcd412) Importer(815301076,1909f56bfc062723c751e8b465ee728b)
Start importing Assets/FreeLabAssets/Materials/M_FloorTest.mat using Guid(05d20ead145bb4dc6b01f22e3efcd412) Importer(815301076,1909f56bfc062723c751e8b465ee728b)  -> (artifact id: 'f71629a081aecdd7859c7bda66124a9a') in 0.174706 seconds 
========================================================================
Received Import Request.
  Time since last request: 0.000059 seconds.
  path: Assets/FreeLabAssets/Materials/M_Pipette.mat
  artifactKey: Guid(f0a1cba5fae4047dc9cc0fb360a667d3) Importer(815301076,1909f56bfc062723c751e8b465ee728b)
Start importing Assets/FreeLabAssets/Materials/M_Pipette.mat using Guid(f0a1cba5fae4047dc9cc0fb360a667d3) Importer(815301076,1909f56bfc062723c751e8b465ee728b)  -> (artifact id: '081e5e22f075149febaf79c900f47185') in 0.150767 seconds 
========================================================================
Received Import Request.
  Time since last request: 0.000036 seconds.
  path: Assets/Oculus/SampleFramework/Usage/SharedAssets/Materials/MAT_room_atlas_02.mat
  artifactKey: Guid(ceac5ee61756b458c8653efdc49480ec) Importer(815301076,1909f56bfc062723c751e8b465ee728b)
Start importing Assets/Oculus/SampleFramework/Usage/SharedAssets/Materials/MAT_room_atlas_02.mat using Guid(ceac5ee61756b458c8653efdc49480ec) Importer(815301076,1909f56bfc062723c751e8b465ee728b)  -> (artifact id: '0a3b5f1c0965975594ea5f3691dfedfc') in 0.500933 seconds 
========================================================================
Received Import Request.
  Time since last request: 0.000039 seconds.
  path: Assets/+.prefab
  artifactKey: Guid(66af683199321524cabd952a024d524f) Importer(815301076,1909f56bfc062723c751e8b465ee728b)
Start importing Assets/+.prefab using Guid(66af683199321524cabd952a024d524f) Importer(815301076,1909f56bfc062723c751e8b465ee728b)  -> (artifact id: 'c49342127b85b9c413dbe2cc8f5e126c') in 0.061092 seconds 
========================================================================
Received Import Request.
  Time since last request: 0.000038 seconds.
  path: Assets/FreeLabAssets/Materials/M_Sky.mat
  artifactKey: Guid(cac703c1f0c514f20af88870ca7a12d6) Importer(815301076,1909f56bfc062723c751e8b465ee728b)
Start importing Assets/FreeLabAssets/Materials/M_Sky.mat using Guid(cac703c1f0c514f20af88870ca7a12d6) Importer(815301076,1909f56bfc062723c751e8b465ee728b)  -> (artifact id: '74ea0d9da8196f0c71ab3af129cd2863') in 0.144000 seconds 
========================================================================
Received Import Request.
  Time since last request: 0.000060 seconds.
  path: Assets/Oculus/Interaction/Samples/Objects/Props/BigRedButton/Textures/Podium/Podium_Normal.png
  artifactKey: Guid(93cef7b123baace49a4508c4b6f2cec3) Importer(815301076,1909f56bfc062723c751e8b465ee728b)
Start importing Assets/Oculus/Interaction/Samples/Objects/Props/BigRedButton/Textures/Podium/Podium_Normal.png using Guid(93cef7b123baace49a4508c4b6f2cec3) Importer(815301076,1909f56bfc062723c751e8b465ee728b)  -> (artifact id: 'bef851e976432d71274ed32b8420245d') in 0.044761 seconds 
========================================================================
Received Import Request.
  Time since last request: 0.000029 seconds.
  path: Assets/Oculus/SampleFramework/Usage/SharedAssets/Textures/room_atlas_01.png
  artifactKey: Guid(f642e8a05bd9a481b84a007851592772) Importer(815301076,1909f56bfc062723c751e8b465ee728b)
Start importing Assets/Oculus/SampleFramework/Usage/SharedAssets/Textures/room_atlas_01.png using Guid(f642e8a05bd9a481b84a007851592772) Importer(815301076,1909f56bfc062723c751e8b465ee728b)  -> (artifact id: '9a32919a5389684ae1ea5b4166dcfa44') in 0.075846 seconds 
========================================================================
Received Import Request.
  Time since last request: 0.000034 seconds.
  path: Assets/Oculus/Interaction/Samples/Textures/OCUIIconSet/OCUI_24_Outline_2x.png
  artifactKey: Guid(4f3b4a4ae58ad484e9fc92ab68a8ffef) Importer(815301076,1909f56bfc062723c751e8b465ee728b)
Start importing Assets/Oculus/Interaction/Samples/Textures/OCUIIconSet/OCUI_24_Outline_2x.png using Guid(4f3b4a4ae58ad484e9fc92ab68a8ffef) Importer(815301076,1909f56bfc062723c751e8b465ee728b)  -> (artifact id: '71492345a7d7ed3f40ed174b401bed0f') in 0.868413 seconds 
========================================================================
Received Import Request.
  Time since last request: 97.213088 seconds.
  path: Assets/FreeLabAssets/Scenes
  artifactKey: Guid(4f704ae4b4f98ae41a0bce26658850c1) Importer(815301076,1909f56bfc062723c751e8b465ee728b)
Start importing Assets/FreeLabAssets/Scenes using Guid(4f704ae4b4f98ae41a0bce26658850c1) Importer(815301076,1909f56bfc062723c751e8b465ee728b)  -> (artifact id: 'afdd990117e546394f17e78277df244d') in 0.008281 seconds 
========================================================================
Received Import Request.
  Time since last request: 1.109878 seconds.
  path: Assets/FreeLabAssets/Scenes/SampleScene
  artifactKey: Guid(c45ae9a222f2c44799320780bc0c7f98) Importer(815301076,1909f56bfc062723c751e8b465ee728b)
Start importing Assets/FreeLabAssets/Scenes/SampleScene using Guid(c45ae9a222f2c44799320780bc0c7f98) Importer(815301076,1909f56bfc062723c751e8b465ee728b)  -> (artifact id: '16e4efcc497b851adbf2ad20dce07744') in 0.007142 seconds 
========================================================================
Received Import Request.
  Time since last request: 0.218183 seconds.
  path: Assets/FreeLabAssets/Scenes/SampleScene/LightingData.asset
  artifactKey: Guid(e54b9f058ac8045cb856ba9629cfa328) Importer(815301076,1909f56bfc062723c751e8b465ee728b)
Start importing Assets/FreeLabAssets/Scenes/SampleScene/LightingData.asset using Guid(e54b9f058ac8045cb856ba9629cfa328) Importer(815301076,1909f56bfc062723c751e8b465ee728b)  -> (artifact id: 'e058f54989ce8f1b986e9baeb7dced4c') in 0.010474 seconds 
========================================================================
Received Import Request.
  Time since last request: 5.927789 seconds.
  path: Assets/FreeLabAssets/Models/Flask_01.fbx
  artifactKey: Guid(3475b932e25f196499c2c98f6fc6367a) Importer(815301076,1909f56bfc062723c751e8b465ee728b)
Start importing Assets/FreeLabAssets/Models/Flask_01.fbx using Guid(3475b932e25f196499c2c98f6fc6367a) Importer(815301076,1909f56bfc062723c751e8b465ee728b)  -> (artifact id: '5ae899f40d955dca78c810bf7e188b7c') in 0.058968 seconds 
========================================================================
Received Import Request.
  Time since last request: 0.000026 seconds.
  path: Assets/FreeLabAssets/Models/Flask_05.fbx
  artifactKey: Guid(d8fafffe727d6c241a606d309b77af7d) Importer(815301076,1909f56bfc062723c751e8b465ee728b)
Start importing Assets/FreeLabAssets/Models/Flask_05.fbx using Guid(d8fafffe727d6c241a606d309b77af7d) Importer(815301076,1909f56bfc062723c751e8b465ee728b)  -> (artifact id: '2201546a93854eae1171cc300dd0ed4f') in 0.041704 seconds 
========================================================================
Received Import Request.
  Time since last request: 0.000021 seconds.
  path: Assets/FreeLabAssets/Models/Flask_03.fbx
  artifactKey: Guid(217c04de4fe6a3345a209b712c4e99f6) Importer(815301076,1909f56bfc062723c751e8b465ee728b)
Start importing Assets/FreeLabAssets/Models/Flask_03.fbx using Guid(217c04de4fe6a3345a209b712c4e99f6) Importer(815301076,1909f56bfc062723c751e8b465ee728b)  -> (artifact id: 'f46e09c6335d47b4116e0dc136f47745') in 0.042704 seconds 
========================================================================
Received Import Request.
  Time since last request: 0.000092 seconds.
  path: Assets/FreeLabAssets/Models/Flask_04.fbx
  artifactKey: Guid(79155767bdf4e994daec7f2f4a783415) Importer(815301076,1909f56bfc062723c751e8b465ee728b)
Start importing Assets/FreeLabAssets/Models/Flask_04.fbx using Guid(79155767bdf4e994daec7f2f4a783415) Importer(815301076,1909f56bfc062723c751e8b465ee728b)  -> (artifact id: '86d5c4fb58da7156ead92faa3fbc3f13') in 0.047647 seconds 
Editor requested this worker to shutdown with reason: Scaling down because of idle timeout
AssetImportWorker is now disconnected from the server
Process exiting
Exiting without the bug reporter. Application will terminate with return code 0