Using pre-set license
Built from '2021.3/staging' branch; Version is '2021.3.24f1 (cf10dcf7010d) revision 13570268'; Using compiler version '192829333'; Build Type 'Release'
OS: 'Windows 10  (10.0.19045) 64bit Education' Language: 'ko' Physical Memory: 16242 MB
BatchMode: 1, IsHumanControllingUs: 0, StartBugReporterOnCrash: 0, Is64bit: 1, IsPro: 1

COMMAND LINE ARGUMENTS:
D:\UnityHub\Unity Hub\Editor\2021.3.24f1\Editor\Unity.exe
-adb2
-batchMode
-noUpm
-name
AssetImportWorker4
-projectPath
D:/GitHub/VREduGame/VR_EduGame
-logFile
Logs/AssetImportWorker4.log
-srvPort
57302
Successfully changed project path to: D:/GitHub/VREduGame/VR_EduGame
D:/GitHub/VREduGame/VR_EduGame
[UnityMemory] Configuration Parameters - Can be set up in boot.config
    "memorysetup-bucket-allocator-granularity=16"
    "memorysetup-bucket-allocator-bucket-count=8"
    "memorysetup-bucket-allocator-block-size=33554432"
    "memorysetup-bucket-allocator-block-count=8"
    "memorysetup-main-allocator-block-size=16777216"
    "memorysetup-thread-allocator-block-size=16777216"
    "memorysetup-gfx-main-allocator-block-size=16777216"
    "memorysetup-gfx-thread-allocator-block-size=16777216"
    "memorysetup-cache-allocator-block-size=4194304"
    "memorysetup-typetree-allocator-block-size=2097152"
    "memorysetup-profiler-bucket-allocator-granularity=16"
    "memorysetup-profiler-bucket-allocator-bucket-count=8"
    "memorysetup-profiler-bucket-allocator-block-size=33554432"
    "memorysetup-profiler-bucket-allocator-block-count=8"
    "memorysetup-profiler-allocator-block-size=16777216"
    "memorysetup-profiler-editor-allocator-block-size=1048576"
    "memorysetup-temp-allocator-size-main=16777216"
    "memorysetup-job-temp-allocator-block-size=2097152"
    "memorysetup-job-temp-allocator-block-size-background=1048576"
    "memorysetup-job-temp-allocator-reduction-small-platforms=262144"
    "memorysetup-temp-allocator-size-background-worker=32768"
    "memorysetup-temp-allocator-size-job-worker=262144"
    "memorysetup-temp-allocator-size-preload-manager=33554432"
    "memorysetup-temp-allocator-size-nav-mesh-worker=65536"
    "memorysetup-temp-allocator-size-audio-worker=65536"
    "memorysetup-temp-allocator-size-cloud-worker=32768"
    "memorysetup-temp-allocator-size-gi-baking-worker=262144"
    "memorysetup-temp-allocator-size-gfx=262144"
Player connection [21592] Host "[IP] 192.168.56.1 [Port] 0 [Flags] 2 [Guid] 1861731084 [EditorId] 1861731084 [Version] 1048832 [Id] WindowsEditor(7,DESKTOP-4L761KK) [Debug] 1 [PackageName] WindowsEditor [ProjectName] Editor" joined multi-casting on [225.0.0.222:54997]...

Player connection [21592] Host "[IP] 192.168.56.1 [Port] 0 [Flags] 2 [Guid] 1861731084 [EditorId] 1861731084 [Version] 1048832 [Id] WindowsEditor(7,DESKTOP-4L761KK) [Debug] 1 [PackageName] WindowsEditor [ProjectName] Editor" joined alternative multi-casting on [225.0.0.222:34997]...

Refreshing native plugins compatible for Editor in 212.61 ms, found 16 plugins.
Preloading 2 native plugins for Editor in 1.99 ms.
Initialize engine version: 2021.3.24f1 (cf10dcf7010d)
[Subsystems] Discovering subsystems at path D:/UnityHub/Unity Hub/Editor/2021.3.24f1/Editor/Data/Resources/UnitySubsystems
[Subsystems] Discovering subsystems at path D:/GitHub/VREduGame/VR_EduGame/Assets
GfxDevice: creating device client; threaded=0; jobified=0
Direct3D:
    Version:  Direct3D 11.0 [level 11.1]
    Renderer: NVIDIA GeForce GTX 1650 (ID=0x1f91)
    Vendor:   NVIDIA
    VRAM:     3951 MB
    Driver:   31.0.15.3168
Shader 'Oculus/OVRMRCameraFrameLit': fallback shader 'Alpha-Diffuse' not found
Initialize mono
Mono path[0] = 'D:/UnityHub/Unity Hub/Editor/2021.3.24f1/Editor/Data/Managed'
Mono path[1] = 'D:/UnityHub/Unity Hub/Editor/2021.3.24f1/Editor/Data/MonoBleedingEdge/lib/mono/unityjit-win32'
Mono config path = 'D:/UnityHub/Unity Hub/Editor/2021.3.24f1/Editor/Data/MonoBleedingEdge/etc'
Using monoOptions --debugger-agent=transport=dt_socket,embedding=1,server=y,suspend=n,address=127.0.0.1:56068
Begin MonoManager ReloadAssembly
Registering precompiled unity dll's ...
Register platform support module: D:/UnityHub/Unity Hub/Editor/2021.3.24f1/Editor/Data/PlaybackEngines/AndroidPlayer/UnityEditor.Android.Extensions.dll
Register platform support module: D:/UnityHub/Unity Hub/Editor/2021.3.24f1/Editor/Data/PlaybackEngines/WindowsStandaloneSupport/UnityEditor.WindowsStandalone.Extensions.dll
Registered in 0.003955 seconds.
Native extension for WindowsStandalone target not found
Native extension for Android target not found
Android Extension - Scanning For ADB Devices 374 ms
Refreshing native plugins compatible for Editor in 204.04 ms, found 16 plugins.
Preloading 2 native plugins for Editor in 0.08 ms.
Mono: successfully reloaded assembly
- Completed reload, in  1.247 seconds
Domain Reload Profiling:
	ReloadAssembly (1247ms)
		BeginReloadAssembly (101ms)
			ExecutionOrderSort (0ms)
			DisableScriptedObjects (0ms)
			BackupInstance (0ms)
			ReleaseScriptingObjects (0ms)
			CreateAndSetChildDomain (1ms)
		EndReloadAssembly (1039ms)
			LoadAssemblies (101ms)
			RebuildTransferFunctionScriptingTraits (0ms)
			SetupTypeCache (150ms)
			ReleaseScriptCaches (0ms)
			RebuildScriptCaches (30ms)
			SetupLoadedEditorAssemblies (799ms)
				LogAssemblyErrors (0ms)
				InitializePlatformSupportModulesInManaged (445ms)
				SetLoadedEditorAssemblies (0ms)
				RefreshPlugins (204ms)
				BeforeProcessingInitializeOnLoad (1ms)
				ProcessInitializeOnLoadAttributes (97ms)
				ProcessInitializeOnLoadMethodAttributes (51ms)
				AfterProcessingInitializeOnLoad (0ms)
				EditorAssembliesLoaded (0ms)
			ExecutionOrderSort2 (0ms)
			AwakeInstancesAfterBackupRestoration (0ms)
Platform modules already initialized, skipping
Registering precompiled user dll's ...
Registered in 0.010547 seconds.
Begin MonoManager ReloadAssembly
Native extension for WindowsStandalone target not found
Native extension for Android target not found
Refreshing native plugins compatible for Editor in 190.70 ms, found 16 plugins.
Preloading 2 native plugins for Editor in 0.07 ms.
Package Manager log level set to [2]
[XR] OculusXRPlugin: registering subsystems
[XR] Unable to register display lifecyle provider: [1]
[XR] Oculus Input lifecycle provider registered.
[XR] Unable to register input lifecyle provider: [1]
[XR] OVRP version 1.85.0
Mono: successfully reloaded assembly
- Completed reload, in  1.914 seconds
Domain Reload Profiling:
	ReloadAssembly (1915ms)
		BeginReloadAssembly (128ms)
			ExecutionOrderSort (0ms)
			DisableScriptedObjects (5ms)
			BackupInstance (0ms)
			ReleaseScriptingObjects (0ms)
			CreateAndSetChildDomain (20ms)
		EndReloadAssembly (1676ms)
			LoadAssemblies (145ms)
			RebuildTransferFunctionScriptingTraits (0ms)
			SetupTypeCache (485ms)
			ReleaseScriptCaches (1ms)
			RebuildScriptCaches (126ms)
			SetupLoadedEditorAssemblies (888ms)
				LogAssemblyErrors (0ms)
				InitializePlatformSupportModulesInManaged (15ms)
				SetLoadedEditorAssemblies (0ms)
				RefreshPlugins (191ms)
				BeforeProcessingInitializeOnLoad (154ms)
				ProcessInitializeOnLoadAttributes (416ms)
				ProcessInitializeOnLoadMethodAttributes (109ms)
				AfterProcessingInitializeOnLoad (3ms)
				EditorAssembliesLoaded (0ms)
			ExecutionOrderSort2 (0ms)
			AwakeInstancesAfterBackupRestoration (6ms)
Platform modules already initialized, skipping
========================================================================
Worker process is ready to serve import requests
Shader 'Oculus/OVRMRCameraFrameLit': fallback shader 'Alpha-Diffuse' not found
Launched and connected shader compiler UnityShaderCompiler.exe after 0.06 seconds
Refreshing native plugins compatible for Editor in 2.56 ms, found 16 plugins.
Preloading 2 native plugins for Editor in 0.08 ms.
Unloading 8294 Unused Serialized files (Serialized files now loaded: 0)
Unloading 102 unused Assets / (0.6 MB). Loaded Objects now: 8757.
Memory consumption went from 322.1 MB to 321.5 MB.
Total: 6.513700 ms (FindLiveObjects: 0.678300 ms CreateObjectMapping: 0.646600 ms MarkObjects: 4.769900 ms  DeleteObjects: 0.417800 ms)

AssetImportParameters requested are different than current active one (requested -> active):
  custom:video-decoder-ogg-theora: a1e56fd34408186e4bbccfd4996cb3dc -> 
  custom:container-muxer-webm: aa71ff27fc2769a1b78a27578f13a17b -> 
  custom:container-demuxer-webm: 4f35f7cbe854078d1ac9338744f61a02 -> 
  custom:video-encoder-webm-vp8: eb34c28f22e8b96e1ab97ce403110664 -> 
  custom:audio-encoder-webm-vorbis: bf7c407c2cedff20999df2af8eb42d56 -> 
  custom:framework-win-MediaFoundation: 216162199b28c13a410421893ffa2e32 -> 
  custom:container-demuxer-ogg: 62fdf1f143b41e24485cea50d1cbac27 -> 
  custom:video-decoder-webm-vp8: 9c59270c3fd7afecdb556c50c9e8de78 -> 
  custom:audio-decoder-ogg-vorbis: bf7c407c2cedff20999df2af8eb42d56 -> 
========================================================================
Received Import Request.
  Time since last request: 584463.198612 seconds.
  path: Assets/New Universal Render Pipeline Asset.asset
  artifactKey: Guid(2a2f3d70a06fd364a9075e9665b233af) Importer(815301076,1909f56bfc062723c751e8b465ee728b)
Start importing Assets/New Universal Render Pipeline Asset.asset using Guid(2a2f3d70a06fd364a9075e9665b233af) Importer(815301076,1909f56bfc062723c751e8b465ee728b)  -> (artifact id: '1c3fde43819263ae16028909a927aa23') in 0.099031 seconds 
========================================================================
Received Import Request.
  Time since last request: 52.010351 seconds.
  path: Assets/Settings/URP-Balanced.asset
  artifactKey: Guid(e1260c1148f6143b28bae5ace5e9c5d1) Importer(815301076,1909f56bfc062723c751e8b465ee728b)
Start importing Assets/Settings/URP-Balanced.asset using Guid(e1260c1148f6143b28bae5ace5e9c5d1) Importer(815301076,1909f56bfc062723c751e8b465ee728b)  -> (artifact id: '3c9fbe4d4d5009ce6e00e7fa64c56b33') in 0.055718 seconds 
========================================================================
Received Import Request.
  Time since last request: 304.143759 seconds.
  path: Assets/New Universal Render Pipeline Asset_Renderer.asset
  artifactKey: Guid(6fa9493fa7b77cf46b3d63777e7b212a) Importer(815301076,1909f56bfc062723c751e8b465ee728b)
Start importing Assets/New Universal Render Pipeline Asset_Renderer.asset using Guid(6fa9493fa7b77cf46b3d63777e7b212a) Importer(815301076,1909f56bfc062723c751e8b465ee728b)  -> (artifact id: '0404ca22fb3440d70b6e3fc2561e8868') in 0.020859 seconds 
========================================================================
Received Import Request.
  Time since last request: 56.026406 seconds.
  path: Assets/Potato 3.obj
  artifactKey: Guid(1ee89066c8d945c43992b5175f894b0e) Importer(815301076,1909f56bfc062723c751e8b465ee728b)
Start importing Assets/Potato 3.obj using Guid(1ee89066c8d945c43992b5175f894b0e) Importer(815301076,1909f56bfc062723c751e8b465ee728b)  -> (artifact id: 'd043d752c373b4ad5d35ac3d954b768a') in 0.155998 seconds 
========================================================================
Received Import Request.
  Time since last request: 12.759253 seconds.
  path: Assets/Shaders/Equations.png
  artifactKey: Guid(4d1fe22c0ede81b4498eb182e861cb26) Importer(815301076,1909f56bfc062723c751e8b465ee728b)
Start importing Assets/Shaders/Equations.png using Guid(4d1fe22c0ede81b4498eb182e861cb26) Importer(815301076,1909f56bfc062723c751e8b465ee728b)  -> (artifact id: 'e340ff1718667e0fe108abb5e4885dec') in 0.022576 seconds 
========================================================================
Received Import Request.
  Time since last request: 0.000020 seconds.
  path: Assets/Shaders/Simple_Periodic_Table_Chart-blocks.svg (1).png
  artifactKey: Guid(4017e952b0b50834eb74bde6578912f9) Importer(815301076,1909f56bfc062723c751e8b465ee728b)
Start importing Assets/Shaders/Simple_Periodic_Table_Chart-blocks.svg (1).png using Guid(4017e952b0b50834eb74bde6578912f9) Importer(815301076,1909f56bfc062723c751e8b465ee728b)  -> (artifact id: '6809a5b2eb2669d701bbdb25f41e29f5') in 0.081226 seconds 
========================================================================
Received Import Request.
  Time since last request: 0.000020 seconds.
  path: Assets/Shaders/Reset.png
  artifactKey: Guid(9dab27b7275d1bf45a9826d3344d47dc) Importer(815301076,1909f56bfc062723c751e8b465ee728b)
Start importing Assets/Shaders/Reset.png using Guid(9dab27b7275d1bf45a9826d3344d47dc) Importer(815301076,1909f56bfc062723c751e8b465ee728b)  -> (artifact id: '5c7dcf463ea619fa77b9693e91798305') in 0.054263 seconds 
========================================================================
Received Import Request.
  Time since last request: 3.245931 seconds.
  path: Assets/Settings/SampleSceneProfile.asset
  artifactKey: Guid(a6560a915ef98420e9faacc1c7438823) Importer(815301076,1909f56bfc062723c751e8b465ee728b)
Start importing Assets/Settings/SampleSceneProfile.asset using Guid(a6560a915ef98420e9faacc1c7438823) Importer(815301076,1909f56bfc062723c751e8b465ee728b)  -> (artifact id: '3eb898212a522022227184f6225fc234') in 0.021254 seconds 
========================================================================
Received Import Request.
  Time since last request: 0.000042 seconds.
  path: Assets/Settings/URP-Performant-Renderer.asset
  artifactKey: Guid(707360a9c581a4bd7aa53bfeb1429f71) Importer(815301076,1909f56bfc062723c751e8b465ee728b)
Start importing Assets/Settings/URP-Performant-Renderer.asset using Guid(707360a9c581a4bd7aa53bfeb1429f71) Importer(815301076,1909f56bfc062723c751e8b465ee728b)  -> (artifact id: '7ed151cd2ef5694d50ca022f79341ac1') in 0.031552 seconds 
========================================================================
Received Import Request.
  Time since last request: 18.506644 seconds.
  path: Assets/Resources/OculusRuntimeSettings.asset
  artifactKey: Guid(64f9c3ddae29f7d41991033b39bec1df) Importer(815301076,1909f56bfc062723c751e8b465ee728b)
Start importing Assets/Resources/OculusRuntimeSettings.asset using Guid(64f9c3ddae29f7d41991033b39bec1df) Importer(815301076,1909f56bfc062723c751e8b465ee728b)  -> (artifact id: 'afa5acaa5fdd123e679a9f0d8bc33396') in 0.007005 seconds 
========================================================================
Received Import Request.
  Time since last request: 0.000022 seconds.
  path: Assets/Resources/OVRPlatformToolSettings.asset
  artifactKey: Guid(73bd4415340db0146bd54efd8ca9635f) Importer(815301076,1909f56bfc062723c751e8b465ee728b)
Start importing Assets/Resources/OVRPlatformToolSettings.asset using Guid(73bd4415340db0146bd54efd8ca9635f) Importer(815301076,1909f56bfc062723c751e8b465ee728b)  -> (artifact id: '329ea13650ac68f188c48c955c950cac') in 0.008675 seconds 
========================================================================
Received Import Request.
  Time since last request: 5.221802 seconds.
  path: Assets/Oculus/OculusProjectConfig.asset
  artifactKey: Guid(0b19bc67f20ac6c4689883e2af7deac7) Importer(815301076,1909f56bfc062723c751e8b465ee728b)
Start importing Assets/Oculus/OculusProjectConfig.asset using Guid(0b19bc67f20ac6c4689883e2af7deac7) Importer(815301076,1909f56bfc062723c751e8b465ee728b)  -> (artifact id: '1a61d773dd55163b83612c637f2f28a4') in 0.007739 seconds 
========================================================================
Received Import Request.
  Time since last request: 2.451131 seconds.
  path: Assets/Materials/P2_P2.mat
  artifactKey: Guid(9b1602f51ea0ab64684e42a28e782228) Importer(815301076,1909f56bfc062723c751e8b465ee728b)
Start importing Assets/Materials/P2_P2.mat using Guid(9b1602f51ea0ab64684e42a28e782228) Importer(815301076,1909f56bfc062723c751e8b465ee728b)  -> (artifact id: '3d82fb431b5985e8192f60ac17596d39') in 0.038247 seconds 
========================================================================
Received Import Request.
  Time since last request: 3.088773 seconds.
  path: Assets/CMMaterials/Board.mat
  artifactKey: Guid(c5e13ccca1cd80c42a7c7705d6063c8a) Importer(815301076,1909f56bfc062723c751e8b465ee728b)
Start importing Assets/CMMaterials/Board.mat using Guid(c5e13ccca1cd80c42a7c7705d6063c8a) Importer(815301076,1909f56bfc062723c751e8b465ee728b)  -> (artifact id: '0201bfe6d4018bc95691ac1ea14254c0') in 0.032105 seconds 
========================================================================
Received Import Request.
  Time since last request: 0.000024 seconds.
  path: Assets/CMMaterials/WaterMat.mat
  artifactKey: Guid(1c0278f7fd1f0aa4580b421411f462f4) Importer(815301076,1909f56bfc062723c751e8b465ee728b)
Start importing Assets/CMMaterials/WaterMat.mat using Guid(1c0278f7fd1f0aa4580b421411f462f4) Importer(815301076,1909f56bfc062723c751e8b465ee728b)  -> (artifact id: '78266a69a872f86b135acfed7cda72da') in 0.038025 seconds 
========================================================================
Received Import Request.
  Time since last request: 0.000033 seconds.
  path: Assets/CMMaterials/UI.mat
  artifactKey: Guid(eef54f169148b4142b41ec71206c03d5) Importer(815301076,1909f56bfc062723c751e8b465ee728b)
Start importing Assets/CMMaterials/UI.mat using Guid(eef54f169148b4142b41ec71206c03d5) Importer(815301076,1909f56bfc062723c751e8b465ee728b)  -> (artifact id: 'fb40f5920901888c293adf5f8950befa') in 0.021572 seconds 
========================================================================
Received Import Request.
  Time since last request: 0.000059 seconds.
  path: Assets/CMMaterials/ِAmoniaMat.mat
  artifactKey: Guid(de185b53f82066d41b9eec184b68db03) Importer(815301076,1909f56bfc062723c751e8b465ee728b)
Start importing Assets/CMMaterials/ِAmoniaMat.mat using Guid(de185b53f82066d41b9eec184b68db03) Importer(815301076,1909f56bfc062723c751e8b465ee728b)  -> (artifact id: '155f84724d43f013c2236db84da29bbf') in 0.028148 seconds 
========================================================================
Received Import Request.
  Time since last request: 0.000026 seconds.
  path: Assets/CMMaterials/HCLMat.mat
  artifactKey: Guid(8cf286bb622bc5947bbcc010a145a3f6) Importer(815301076,1909f56bfc062723c751e8b465ee728b)
Start importing Assets/CMMaterials/HCLMat.mat using Guid(8cf286bb622bc5947bbcc010a145a3f6) Importer(815301076,1909f56bfc062723c751e8b465ee728b)  -> (artifact id: '6fdb4f567fefe8bb82c01e223152e80c') in 0.022899 seconds 
